{"C:\\Users\\lenovo\\Desktop\\quadratic Equation\\index.js": {"path":"C:\\Users\\lenovo\\Desktop\\quadratic Equation\\index.js","statementMap":{"0":{"start":{"line":1,"column":51},"end":{"line":1,"column":83}},"1":{"start":{"line":6,"column":23},"end":{"line":6,"column":39}},"2":{"start":{"line":11,"column":4},"end":{"line":18,"column":5}},"3":{"start":{"line":12,"column":8},"end":{"line":12,"column":34}},"4":{"start":{"line":13,"column":8},"end":{"line":13,"column":34}},"5":{"start":{"line":14,"column":8},"end":{"line":14,"column":34}},"6":{"start":{"line":16,"column":8},"end":{"line":16,"column":40}},"7":{"start":{"line":17,"column":8},"end":{"line":17,"column":14}},"8":{"start":{"line":20,"column":16},"end":{"line":25,"column":9}},"9":{"start":{"line":27,"column":4},"end":{"line":27,"column":35}},"10":{"start":{"line":31,"column":4},"end":{"line":32,"column":87}},"11":{"start":{"line":37,"column":23},"end":{"line":37,"column":35}},"12":{"start":{"line":39,"column":4},"end":{"line":39,"column":71}},"13":{"start":{"line":40,"column":4},"end":{"line":40,"column":71}},"14":{"start":{"line":41,"column":4},"end":{"line":41,"column":71}},"15":{"start":{"line":43,"column":4},"end":{"line":48,"column":8}},"16":{"start":{"line":47,"column":12},"end":{"line":47,"column":18}},"17":{"start":{"line":50,"column":4},"end":{"line":50,"column":23}},"18":{"start":{"line":53,"column":0},"end":{"line":57,"column":2}},"19":{"start":{"line":54,"column":4},"end":{"line":54,"column":84}},"20":{"start":{"line":55,"column":23},"end":{"line":55,"column":94}},"21":{"start":{"line":56,"column":4},"end":{"line":56,"column":63}},"22":{"start":{"line":56,"column":49},"end":{"line":56,"column":62}},"23":{"start":{"line":61,"column":2},"end":{"line":61,"column":15}},"24":{"start":{"line":64,"column":0},"end":{"line":69,"column":1}}},"fnMap":{"0":{"name":"solve","decl":{"start":{"line":4,"column":9},"end":{"line":4,"column":14}},"loc":{"start":{"line":4,"column":17},"end":{"line":28,"column":1}},"line":4},"1":{"name":"printAnswer","decl":{"start":{"line":30,"column":9},"end":{"line":30,"column":20}},"loc":{"start":{"line":30,"column":29},"end":{"line":33,"column":1}},"line":30},"2":{"name":"getCoefficient","decl":{"start":{"line":35,"column":9},"end":{"line":35,"column":23}},"loc":{"start":{"line":35,"column":26},"end":{"line":51,"column":1}},"line":35},"3":{"name":"(anonymous_3)","decl":{"start":{"line":53,"column":46},"end":{"line":53,"column":47}},"loc":{"start":{"line":53,"column":58},"end":{"line":57,"column":1}},"line":53},"4":{"name":"(anonymous_4)","decl":{"start":{"line":56,"column":43},"end":{"line":56,"column":44}},"loc":{"start":{"line":56,"column":49},"end":{"line":56,"column":62}},"line":56},"5":{"name":"sum","decl":{"start":{"line":60,"column":9},"end":{"line":60,"column":12}},"loc":{"start":{"line":60,"column":19},"end":{"line":62,"column":1}},"line":60}},"branchMap":{"0":{"loc":{"start":{"line":43,"column":4},"end":{"line":48,"column":8}},"type":"if","locations":[{"start":{"line":43,"column":4},"end":{"line":48,"column":8}},{"start":{"line":43,"column":4},"end":{"line":48,"column":8}}],"line":43},"1":{"loc":{"start":{"line":43,"column":7},"end":{"line":45,"column":28}},"type":"binary-expr","locations":[{"start":{"line":43,"column":7},"end":{"line":43,"column":28}},{"start":{"line":44,"column":7},"end":{"line":44,"column":28}},{"start":{"line":45,"column":7},"end":{"line":45,"column":28}}],"line":43}},"s":{"0":1,"1":0,"2":0,"3":0,"4":0,"5":0,"6":0,"7":0,"8":0,"9":0,"10":0,"11":0,"12":0,"13":0,"14":0,"15":0,"16":0,"17":0,"18":1,"19":0,"20":0,"21":0,"22":0,"23":1,"24":1},"f":{"0":0,"1":0,"2":0,"3":0,"4":0,"5":1},"b":{"0":[0,0],"1":[0,0,0]},"_coverageSchema":"1a1c01bbd47fc00a2c39e90264f33305004495a9","hash":"f86359444d9bb0d59712d585a8d0d89ecceb6d08"}
}
