TN:
SF:index.js
FN:4,solve
FN:30,printAnswer
FN:35,getCoefficient
FN:53,(anonymous_3)
FN:56,(anonymous_4)
FN:60,sum
FNF:6
FNH:1
FNDA:0,solve
FNDA:0,printAnswer
FNDA:0,getCoefficient
FNDA:0,(anonymous_3)
FNDA:0,(anonymous_4)
FNDA:1,sum
DA:1,1
DA:6,0
DA:11,0
DA:12,0
DA:13,0
DA:14,0
DA:16,0
DA:17,0
DA:20,0
DA:27,0
DA:31,0
DA:37,0
DA:39,0
DA:40,0
DA:41,0
DA:43,0
DA:47,0
DA:50,0
DA:53,1
DA:54,0
DA:55,0
DA:56,0
DA:61,1
DA:64,1
LF:24
LH:4
BRDA:43,0,0,0
BRDA:43,0,1,0
BRDA:43,1,0,0
BRDA:43,1,1,0
BRDA:43,1,2,0
BRF:5
BRH:0
end_of_record
